"../../../../../Users/dev_console/Projects_GP2/ThisIsMyDungeon/ThisIsMyDungeon/Content/StarterContent/Materials/M_Basic_Floor.uasset" 0
"../../../../../Users/dev_console/Projects_GP2/ThisIsMyDungeon/ThisIsMyDungeon/Content/StarterContent/Architecture/Floor_400x400.uasset" 1
"../../../Engine/Content/Animation/DefaultAnimBoneCompressionSettings.uasset" 2
"../../../Engine/Content/Animation/DefaultAnimCurveCompressionSettings.uasset" 3
"../../../Engine/Content/EngineMaterials/T_Default_Material_Grid_N.uasset" 4
"../../../Engine/Content/EngineMaterials/T_Default_Material_Grid_M.uasset" 5
"../../../Engine/Content/Functions/Engine_MaterialFunctions01/Opacity/CameraDepthFade.uasset" 6
"../../../Engine/Content/EngineMaterials/WorldGridMaterial.uasset" 7
"../../../Engine/Content/ArtTools/RenderToTexture/Meshes/S_1_Unit_Plane.uasset" 8
"../../../Engine/Content/EngineMaterials/DefaultMaterial.uasset" 9
"../../../Engine/Content/BasicShapes/Cone.uasset" 10
"../../../Engine/Content/BasicShapes/Plane.uasset" 11
"../../../Engine/Content/BasicShapes/Sphere.uasset" 12
"../../../Engine/Content/EngineMaterials/DefaultPhysicalMaterial.uasset" 13
"../../../Engine/Content/BufferVisualization/AmbientOcclusion.uasset" 14
"../../../Engine/Content/Functions/Engine_MaterialFunctions02/Utility/AppendMany.uasset" 15
"../../../Engine/Content/BufferVisualization/Anisotropy.uasset" 16
"../../../Engine/Content/BufferVisualization/BaseColor.uasset" 17
"../../../Engine/Content/BufferVisualization/CustomDepth.uasset" 18
"../../../Engine/Content/Functions/Engine_MaterialFunctions02/Utility/VectorLength.uasset" 19
"../../../Engine/Content/BufferVisualization/CustomDepthWorldUnits.uasset" 20
"../../../Engine/Content/Functions/Engine_MaterialFunctions02/Utility/BreakOutFloat2Components.uasset" 21
"../../../Engine/Content/Functions/Engine_MaterialFunctions01/Texturing/ScaleUVsByCenter.uasset" 22
"../../../Engine/Content/EngineMaterials/MiniFont.uasset" 23
"../../../Engine/Content/Functions/Engine_MaterialFunctions02/Utility/MakeFloat3.uasset" 24
"../../../Engine/Content/Functions/Engine_MaterialFunctions02/Utility/MakeFloat2.uasset" 25
"../../../Engine/Content/Functions/Engine_MaterialFunctions02/ScreenResolution.uasset" 26
"../../../Engine/Content/Functions/Engine_MaterialFunctions02/Texturing/ScreenAlignedUVs.uasset" 27
"../../../Engine/Content/BufferVisualization/CustomStencil.uasset" 28
"../../../Engine/Content/BufferVisualization/FinalImage.uasset" 29
"../../../Engine/Content/BufferVisualization/LightingModel.uasset" 30
"../../../Engine/Content/BufferVisualization/MaterialAO.uasset" 31
"../../../Engine/Content/BufferVisualization/Metallic.uasset" 32
"../../../Engine/Content/BufferVisualization/Opacity.uasset" 33
"../../../Engine/Content/BufferVisualization/PostTonemapHDRColor.uasset" 34
"../../../Engine/Content/BufferVisualization/PreTonemapHDRColor.uasset" 35
"../../../Engine/Content/BufferVisualization/Roughness.uasset" 36
"../../../Engine/Content/BufferVisualization/SceneColor.uasset" 37
"../../../Engine/Content/BufferVisualization/SceneDepth.uasset" 38
"../../../Engine/Content/BufferVisualization/SceneDepthWorldUnits.uasset" 39
"../../../Engine/Content/BufferVisualization/SeparateTranslucencyA.uasset" 40
"../../../Engine/Content/BufferVisualization/SeparateTranslucencyRGB.uasset" 41
"../../../Engine/Content/BufferVisualization/Specular.uasset" 42
"../../../Engine/Content/BufferVisualization/SubsurfaceColor.uasset" 43
"../../../Engine/Content/BufferVisualization/Velocity.uasset" 44
"../../../Engine/Content/BufferVisualization/WorldNormal.uasset" 45
"../../../Engine/Content/BufferVisualization/WorldTangent.uasset" 46
"../../../Engine/Content/EditorLandscapeResources/DataLayer.uasset" 47
"../../../Engine/Content/EditorLandscapeResources/DefaultAlphaTexture.uasset" 48
"../../../Engine/Content/EditorLandscapeResources/LandscapeGizmoHeight_Mat.uasset" 49
"../../../Engine/Content/EditorLandscapeResources/LandscapeGizmo_Mat.uasset" 50
"../../../Engine/Content/EditorLandscapeResources/LandscapeGizmo_Mat_Copied.uasset" 51
"../../../Engine/Content/EditorLandscapeResources/SplineEditorMeshMat.uasset" 52
"../../../Engine/Content/EditorLandscapeResources/SplineEditorMesh.uasset" 53
"../../../Engine/Content/EditorMaterials/Cross.uasset" 54
"../../../Engine/Content/EditorMaterials/Cross_Mat.uasset" 55
"../../../Engine/Content/EditorResources/T_EditorHelp.uasset" 56
"../../../Engine/Content/Functions/Engine_MaterialFunctions02/ExampleContent/Textures/DebugNumberPeriod.uasset" 57
"../../../Engine/Content/Functions/Engine_MaterialFunctions02/ExampleContent/DebugNumberStrip.uasset" 58
"../../../Engine/Content/EngineMaterials/DefaultDiffuse.uasset" 59
"../../../Engine/Content/Functions/Engine_MaterialFunctions01/Texturing/TextureCropping.uasset" 60
"../../../Engine/Content/Functions/Engine_MaterialFunctions01/Texturing/ComputeMipLevel.uasset" 61
"../../../Engine/Content/Functions/Engine_MaterialFunctions02/Utility/DebugScalarValues.uasset" 62
"../../../Engine/Content/Functions/Engine_MaterialFunctions02/Utility/DebugFloat2Values.uasset" 63
"../../../Engine/Content/Functions/Engine_MaterialFunctions02/ExampleContent/Textures/flipbook.uasset" 64
"../../../Engine/Content/Functions/Engine_MaterialFunctions02/Texturing/FlipBook.uasset" 65
"../../../Engine/Content/Functions/Engine_MaterialFunctions02/Utility/Sign.uasset" 66
"../../../Engine/Content/Functions/Engine_MaterialFunctions02/Utility/Round.uasset" 67
"../../../Engine/Content/EditorMaterials/HelpActorMaterial.uasset" 68
"../../../Engine/Content/Functions/Engine_MaterialFunctions03/Procedurals/ComputeFilterWidth.uasset" 69
"../../../Engine/Content/EngineMaterials/BlendFunc_DefBlend.uasset" 70
"../../../Engine/Content/EngineMaterials/BlendFunc_DefBase.uasset" 71
"../../../Engine/Content/Functions/Engine_MaterialFunctions03/Blends/Blend_Screen.uasset" 72
"../../../Engine/Content/EditorMaterials/TilingAALineIntegral.uasset" 73
"../../../Engine/Content/EditorMaterials/TilingAALineBoxFiltered.uasset" 74
"../../../Engine/Content/EditorMaterials/TilingAAGrid.uasset" 75
"../../../Engine/Content/EditorMaterials/TilingAADots.uasset" 76
"../../../Engine/Content/EditorMaterials/CompositeARGBLayer.uasset" 77
"../../../Engine/Content/EditorMaterials/LevelGridMaterial.uasset" 78
"../../../Engine/Content/EditorResources/LevelGrid1DStripes.uasset" 79
"../../../Engine/Content/EditorMaterials/TextureGridCascaded1D.uasset" 80
"../../../Engine/Content/EditorMaterials/TextureGridCascaded2D.uasset" 81
"../../../Engine/Content/EditorMaterials/MakeCompositeARGBLayer.uasset" 82
"../../../Engine/Content/EditorMaterials/LevelGridMaterial2.uasset" 83
"../../../Engine/Content/EditorMaterials/MAT_Groups_Toggle.uasset" 84
"../../../Engine/Content/EditorMaterials/MAT_Groups_Visibility.uasset" 85
"../../../Engine/Content/EditorMaterials/PhAT_BoneSelectedMaterial.uasset" 86
"../../../Engine/Content/EditorMaterials/PhAT_ElemSelectedMaterial.uasset" 87
"../../../Engine/Content/EditorMaterials/PhAT_NoCollisionMaterial.uasset" 88
"../../../Engine/Content/EditorMaterials/PhAT_UnselectedMaterial.uasset" 89
"../../../Engine/Content/EditorMaterials/PreviewShadowIndicator.uasset" 90
"../../../Engine/Content/EditorMaterials/PreviewShadowIndicatorMaterial.uasset" 91
"../../../Engine/Content/EditorMaterials/TargetIcon.uasset" 92
"../../../Engine/Content/EditorMaterials/Tick.uasset" 93
"../../../Engine/Content/EditorMaterials/Tick_Mat.uasset" 94
"../../../Engine/Content/EditorMaterials/WidgetGridVertexColorMaterial.uasset" 95
"../../../Engine/Content/EditorMaterials/WidgetGridVertexColorMaterial_Ma.uasset" 96
"../../../Engine/Content/EditorMaterials/WidgetMaterial.uasset" 97
"../../../Engine/Content/EditorMaterials/WidgetMaterial_Current.uasset" 98
"../../../Engine/Content/EditorMaterials/WidgetMaterial_X.uasset" 99
"../../../Engine/Content/EditorMaterials/WidgetMaterial_Y.uasset" 100
"../../../Engine/Content/EditorMaterials/WidgetMaterial_Z.uasset" 101
"../../../Engine/Content/EditorMaterials/WidgetVertexColorMaterial.uasset" 102
"../../../Engine/Content/EditorMaterials/MatineeGroups/MAT_ColorTrack.uasset" 103
"../../../Engine/Content/EditorMaterials/MatineeGroups/MAT_Groups_Anim.uasset" 104
"../../../Engine/Content/EditorMaterials/MatineeGroups/MAT_Groups_AudioMaster.uasset" 105
"../../../Engine/Content/EditorMaterials/MatineeGroups/MAT_Groups_Director.uasset" 106
"../../../Engine/Content/EditorMaterials/MatineeGroups/MAT_Groups_Event.uasset" 107
"../../../Engine/Content/EditorMaterials/MatineeGroups/MAT_Groups_Fade.uasset" 108
"../../../Engine/Content/EditorMaterials/MatineeGroups/MAT_Groups_Float.uasset" 109
"../../../Engine/Content/EditorMaterials/MatineeGroups/MAT_Groups_Move.uasset" 110
"../../../Engine/Content/EditorMaterials/MatineeGroups/MAT_Groups_Slomo.uasset" 111
"../../../Engine/Content/EditorMaterials/MatineeGroups/MAT_Groups_Sound.uasset" 112
"../../../Engine/Content/EditorMaterials/MatineeGroups/MAT_Groups_Vector.uasset" 113
"../../../Engine/Content/EditorMaterials/ParticleSystems/PSysThumbnail_NoImage.uasset" 114
"../../../Engine/Content/EditorMaterials/ParticleSystems/PSysThumbnail_OOD.uasset" 115
"../../../Engine/Content/EngineMaterials/Grid.uasset" 116
"../../../Engine/Content/EditorMaterials/Thumbnails/FloorPlaneMaterial.uasset" 117
"../../../Engine/Content/EditorMeshes/EditorCube.uasset" 118
"../../../Engine/Content/EditorMeshes/EditorCylinder.uasset" 119
"../../../Engine/Content/EditorMeshes/EditorPlane.uasset" 120
"../../../Engine/Content/EditorMaterials/Thumbnails/SkySphereMaterial.uasset" 121
"../../../Engine/Content/EditorMeshes/EditorSkySphere.uasset" 122
"../../../Engine/Content/EditorMeshes/EditorSphere.uasset" 123
"../../../Engine/Content/EditorResources/MatineeCam_D.uasset" 124
"../../../Engine/Content/EditorMaterials/MatineeCam_mat.uasset" 125
"../../../Engine/Content/EditorMeshes/MatineeCam_SM.uasset" 126
"../../../Engine/Content/EditorMeshes/PlanarReflectionPlane.uasset" 127
"../../../Engine/Content/EngineDebugMaterials/M_SimpleOpaque.uasset" 128
"../../../Engine/Content/EditorMaterials/Camera/MI_CineMat_CamViewFinder.uasset" 129
"../../../Engine/Content/EditorMaterials/Camera/CineMat.uasset" 130
"../../../Engine/Content/EditorMaterials/Camera/MI_CineMat_CameraBody.uasset" 131
"../../../Engine/Content/EditorMeshes/Camera/SM_CineCam.uasset" 132
"../../../Engine/Content/EditorMaterials/Camera/MI_CineMat_Rig.uasset" 133
"../../../Engine/Content/EditorMeshes/Camera/SM_CraneRig_Arm.uasset" 134
"../../../Engine/Content/EditorMeshes/Camera/SM_CraneRig_Base.uasset" 135
"../../../Engine/Content/EditorMeshes/Camera/SM_CraneRig_Body.uasset" 136
"../../../Engine/Content/EditorMeshes/Camera/SM_CraneRig_Mount.uasset" 137
"../../../Engine/Content/EditorMeshes/Camera/SM_RailRig_Mount.uasset" 138
"../../../Engine/Content/EditorMeshes/Camera/SM_RailRig_Track.uasset" 139
"../../../Engine/Content/EditorMeshes/ColorCalibrator/M_ChromeBall.uasset" 140
"../../../Engine/Content/EditorResources/Bad.uasset" 141
"../../../Engine/Content/EditorResources/BSPVertex.uasset" 142
"../../../Engine/Content/EditorResources/EmptyActor.uasset" 143
"../../../Engine/Content/EditorResources/MatInstActSprite.uasset" 144
"../../../Engine/Content/EditorResources/SceneManager.uasset" 145
"../../../Engine/Content/EditorResources/SmallFont.uasset" 146
"../../../Engine/Content/EditorResources/Spawn_Point.uasset" 147
"../../../Engine/Content/EditorResources/S_Actor.uasset" 148
"../../../Engine/Content/EditorResources/S_CameraShakeSource.uasset" 149
"../../../Engine/Content/EditorResources/S_DecalActorIcon.uasset" 150
"../../../Engine/Content/EditorResources/S_Emitter.uasset" 151
"../../../Engine/Content/EditorResources/S_ExpoHeightFog.uasset" 152
"../../../Engine/Content/EditorResources/S_FTest.uasset" 153
"../../../Engine/Content/EditorResources/S_KBSJoint.uasset" 154
"../../../Engine/Content/EditorResources/S_KHinge.uasset" 155
"../../../Engine/Content/EditorResources/S_KPrismatic.uasset" 156
"../../../Engine/Content/EditorResources/S_LevelSequence.uasset" 157
"../../../Engine/Content/EditorResources/S_NavP.uasset" 158
"../../../Engine/Content/EditorResources/S_Note.uasset" 159
"../../../Engine/Content/EditorResources/S_Player.uasset" 160
"../../../Engine/Content/EditorResources/S_PortalActorIcon2.uasset" 161
"../../../Engine/Content/EditorResources/S_RadForce.uasset" 162
"../../../Engine/Content/EditorResources/S_ReflActorIcon.uasset" 163
"../../../Engine/Content/EditorResources/S_SkyAtmosphere.uasset" 164
"../../../Engine/Content/EditorResources/S_Solver.uasset" 165
"../../../Engine/Content/EditorResources/S_Terrain.uasset" 166
"../../../Engine/Content/EditorResources/S_TextRenderActorIcon.uasset" 167
"../../../Engine/Content/EditorResources/S_Thruster.uasset" 168
"../../../Engine/Content/EditorResources/S_Trigger.uasset" 169
"../../../Engine/Content/EditorResources/S_VectorFieldVol.uasset" 170
"../../../Engine/Content/EditorResources/S_VolumetricCloud.uasset" 171
"../../../Engine/Content/EditorResources/S_WindDirectional.uasset" 172
"../../../Engine/Content/EditorResources/Waypoint.uasset" 173
"../../../Engine/Content/EditorResources/AI/S_NavLink.uasset" 174
"../../../Engine/Content/EditorResources/LightIcons/SkyLight.uasset" 175
"../../../Engine/Content/EditorResources/LightIcons/S_LightDirectional.uasset" 176
"../../../Engine/Content/EditorResources/LightIcons/S_LightDirectionalMove.uasset" 177
"../../../Engine/Content/EditorResources/LightIcons/S_LightError.uasset" 178
"../../../Engine/Content/EditorResources/LightIcons/S_LightPoint.uasset" 179
"../../../Engine/Content/EditorResources/LightIcons/S_LightPointMove.uasset" 180
"../../../Engine/Content/EditorResources/LightIcons/S_LightSpot.uasset" 181
"../../../Engine/Content/EditorResources/LightIcons/S_LightSpotMove.uasset" 182
"../../../Engine/Content/EditorResources/SequenceRecorder/Countdown.uasset" 183
"../../../Engine/Content/EditorResources/SequenceRecorder/RecordingIndicator.uasset" 184
"../../../Engine/Content/EditorResources/Spline/T_Loft_Spline.uasset" 185
"../../../Engine/Content/EditorSounds/Notifications/CompileFailed.uasset" 186
"../../../Engine/Content/EditorSounds/Notifications/CompileFailed_Cue.uasset" 187
"../../../Engine/Content/EditorSounds/Notifications/CompileSuccess.uasset" 188
"../../../Engine/Content/EditorSounds/Notifications/CompileStart_Cue.uasset" 189
"../../../Engine/Content/EditorSounds/Notifications/CompileSuccess_Cue.uasset" 190
"../../../Engine/Content/EngineDamageTypes/DmgTypeBP_Environmental.uasset" 191
"../../../Engine/Content/EngineDebugMaterials/HeatmapGradient.uasset" 192
"../../../Engine/Content/EngineDebugMaterials/BoneWeightMaterial.uasset" 193
"../../../Engine/Content/EngineDebugMaterials/ClothMaterial.uasset" 194
"../../../Engine/Content/EngineDebugMaterials/ClothMaterial_WF.uasset" 195
"../../../Engine/Content/EngineDebugMaterials/DebugEditorMaterial.uasset" 196
"../../../Engine/Content/EngineDebugMaterials/DebugMeshMaterial.uasset" 197
"../../../Engine/Content/EngineDebugMaterials/GeomMaterial.uasset" 198
"../../../Engine/Content/Functions/Engine_MaterialFunctions01/Shading/ConvertFromDiffSpec.uasset" 199
"../../../Engine/Content/EngineDebugMaterials/LevelColorationLitMaterial.uasset" 200
"../../../Engine/Content/EngineDebugMaterials/LevelColorationUnlitMaterial.uasset" 201
"../../../Engine/Content/EngineMaterials/DefaultWhiteGrid.uasset" 202
"../../../Engine/Content/EngineDebugMaterials/MAT_LevelColorationLitLightmapUV.uasset" 203
"../../../Engine/Content/EngineDebugMaterials/M_SimpleUnlitTranslucent.uasset" 204
"../../../Engine/Content/EngineDebugMaterials/VolumeToRender.uasset" 205
"../../../Engine/Content/Functions/Engine_MaterialFunctions02/Utility/CameraDirectionVector.uasset" 206
"../../../Engine/Content/EngineDebugMaterials/M_VolumeRenderSphereTracePP.uasset" 207
"../../../Engine/Content/EngineMaterials/DefaultWhiteGrid_Low.uasset" 208
"../../../Engine/Content/EngineDebugMaterials/PhysicalMaterialMaskMaterial.uasset" 209
"../../../Engine/Content/EngineDebugMaterials/ShadedLevelColorationLitMaterial.uasset" 210
"../../../Engine/Content/EngineDebugMaterials/ShadedLevelColorationUnlitMateri.uasset" 211
"../../../Engine/Content/EngineDebugMaterials/VertexColorMaterial.uasset" 212
"../../../Engine/Content/EngineDebugMaterials/VertexColorViewMode_AlphaAsColor.uasset" 213
"../../../Engine/Content/EngineDebugMaterials/VertexColorViewMode_BlueOnly.uasset" 214
"../../../Engine/Content/EngineDebugMaterials/VertexColorViewMode_ColorOnly.uasset" 215
"../../../Engine/Content/EngineDebugMaterials/VertexColorViewMode_GreenOnly.uasset" 216
"../../../Engine/Content/EngineDebugMaterials/VertexColorViewMode_RedOnly.uasset" 217
"../../../Engine/Content/EngineDebugMaterials/WireframeMaterial.uasset" 218
"../../../Engine/Content/EngineFonts/Faces/RobotoRegular.uasset" 219
"../../../Engine/Content/EngineFonts/Faces/RobotoLight.uasset" 220
"../../../Engine/Content/EngineFonts/Faces/RobotoItalic.uasset" 221
"../../../Engine/Content/EngineFonts/Faces/RobotoBoldItalic.uasset" 222
"../../../Engine/Content/EngineFonts/Faces/RobotoBold.uasset" 223
"../../../Engine/Content/EngineFonts/Faces/DroidSansFallback.uasset" 224
"../../../Engine/Content/EngineFonts/Roboto.uasset" 225
"../../../Engine/Content/EngineFonts/Faces/RobotoTiny.uasset" 226
"../../../Engine/Content/EngineFonts/RobotoTiny.uasset" 227
"../../../Engine/Content/EngineFonts/SmallFont.uasset" 228
"../../../Engine/Content/EngineFonts/TinyFont.uasset" 229
"../../../Engine/Content/EngineMaterials/BaseFlattenNormalMap.uasset" 230
"../../../Engine/Content/EngineMaterials/BaseFlattenGrayscaleMap.uasset" 231
"../../../Engine/Content/EngineMaterials/BaseFlattenEmissiveMap.uasset" 232
"../../../Engine/Content/EngineMaterials/BaseFlattenDiffuseMap.uasset" 233
"../../../Engine/Content/EngineMaterials/BaseFlattenMaterial.uasset" 234
"../../../Engine/Content/EngineResources/WhiteSquareTexture.uasset" 235
"../../../Engine/Content/EngineMaterials/BlinkingCaret.uasset" 236
"../../../Engine/Content/EngineMaterials/BlueNoise.uasset" 237
"../../../Engine/Content/EngineMaterials/DefaultBloomKernel.uasset" 238
"../../../Engine/Content/EngineMaterials/DefaultBokeh.uasset" 239
"../../../Engine/Content/EngineMaterials/DefaultDeferredDecalMaterial.uasset" 240
"../../../Engine/Content/EngineMaterials/DefaultLightFunctionMaterial.uasset" 241
"../../../Engine/Content/EngineMaterials/DefaultNormal.uasset" 242
"../../../Engine/Content/EngineMaterials/DefaultPostProcessMaterial.uasset" 243
"../../../Engine/Content/EngineFonts/RobotoDistanceField.uasset" 244
"../../../Engine/Content/EngineMaterials/DefaultTextMaterialOpaque.uasset" 245
"../../../Engine/Content/EngineMaterials/EditorBrushMaterial.uasset" 246
"../../../Engine/Content/EngineMaterials/EmissiveMeshMaterial.uasset" 247
"../../../Engine/Content/EngineMaterials/GizmoMaterial.uasset" 248
"../../../Engine/Content/EngineMaterials/Good64x64TilingNoiseHighFreq.uasset" 249
"../../../Engine/Content/EngineMaterials/Grid_N.uasset" 250
"../../../Engine/Content/EngineMaterials/HighResolutionScreenshotMaskFunction.uasset" 251
"../../../Engine/Content/EngineMaterials/HighResScreenshot.uasset" 252
"../../../Engine/Content/EngineMaterials/HighResScreenshotCaptureRegion.uasset" 253
"../../../Engine/Content/EngineMaterials/HighResScreenshotMask.uasset" 254
"../../../Engine/Content/EngineMaterials/LandscapeHolePhysicalMaterial.uasset" 255
"../../../Engine/Content/EngineMaterials/InvalidLightmapSettings.uasset" 256
"../../../Engine/Content/EngineMaterials/M_InvalidLightmapSettings.uasset" 257
"../../../Engine/Content/EngineMaterials/PaperDiffuse.uasset" 258
"../../../Engine/Content/EngineMaterials/PaperNormal.uasset" 259
"../../../Engine/Content/Functions/Engine_MaterialFunctions02/WorldPositionOffset/CameraOffset.uasset" 260
"../../../Engine/Content/EngineMaterials/PhAT_JointLimitMaterial.uasset" 261
"../../../Engine/Content/EngineMaterials/PhysMat_Rubber.uasset" 262
"../../../Engine/Content/EngineMaterials/PreintegratedSkinBRDF.uasset" 263
"../../../Engine/Content/EngineMaterials/RemoveSurfaceMaterial.uasset" 264
"../../../Engine/Content/EngineMaterials/WeightMapPlaceholderTexture.uasset" 265
"../../../Engine/Content/Functions/Engine_MaterialFunctions01/ImageAdjustment/sRGBToLinear.uasset" 266
"../../../Engine/Content/Functions/Engine_MaterialFunctions02/Utility/BreakOutFloat3Components.uasset" 267
"../../../Engine/Content/EngineMaterials/Widget3DCameraPassThrough_Opaque_OneSided.uasset" 268
"../../../Engine/Content/EngineMaterials/Widget3DPassThrough.uasset" 269
"../../../Engine/Content/EngineMaterials/Widget3DPassThrough_Masked.uasset" 270
"../../../Engine/Content/EngineMaterials/Widget3DPassThrough_Opaque.uasset" 271
"../../../Engine/Content/EngineMaterials/Widget3DPassThrough_Masked_OneSided.uasset" 272
"../../../Engine/Content/EngineMaterials/Widget3DPassThrough_Opaque_OneSided.uasset" 273
"../../../Engine/Content/EngineMaterials/Widget3DPassThrough_Translucent.uasset" 274
"../../../Engine/Content/EngineMaterials/Widget3DPassThrough_Translucent_OneSided.uasset" 275
"../../../Engine/Content/EngineMeshes/Cylinder.uasset" 276
"../../../Engine/Content/EngineMeshes/Sphere.uasset" 277
"../../../Engine/Content/EngineResources/Black.uasset" 278
"../../../Engine/Content/EngineResources/DefaultTextureCube.uasset" 279
"../../../Engine/Content/EngineResources/DefaultVolumeTexture2D.uasset" 280
"../../../Engine/Content/EngineResources/DefaultVolumeTexture.uasset" 281
"../../../Engine/Content/EngineResources/GradientTexture0.uasset" 282
"../../../Engine/Content/EngineResources/StreamingPauseIcon.uasset" 283
"../../../Engine/Content/EngineResources/M_StreamingPause.uasset" 284
"../../../Engine/Content/EngineSky/VolumetricClouds/T_NoiseShape64.uasset" 285
"../../../Engine/Content/EngineSky/VolumetricClouds/T_VolumeNoiseShape64.uasset" 286
"../../../Engine/Content/EngineSky/VolumetricClouds/T_NoiseErosion.uasset" 287
"../../../Engine/Content/EngineSky/VolumetricClouds/T_VolumeNoiseErosion32.uasset" 288
"../../../Engine/Content/EngineSky/VolumetricClouds/CloudWeatherTexture.uasset" 289
"../../../Engine/Content/EngineSky/VolumetricClouds/CloudGradientTexture.uasset" 290
"../../../Engine/Content/EngineSky/VolumetricClouds/m_SimpleVolumetricCloud.uasset" 291
"../../../Engine/Content/EngineSky/VolumetricClouds/m_SimpleVolumetricCloud_Inst.uasset" 292
"../../../Engine/Content/EngineSounds/Master.uasset" 293
"../../../Engine/Content/Functions/Engine_MaterialFunctions01/Shading/PowerToRoughness.uasset" 294
"../../../Engine/Content/Maps/Templates/Thumbnails/Default.uasset" 295
"../../../Engine/Content/Maps/Templates/Thumbnails/TimeOfDay.uasset" 296
"../../../Engine/Content/Maps/Templates/Thumbnails/VR-Basic.uasset" 297
"../../../Engine/Content/MapTemplates/Sky/DaylightAmbientCubemap.uasset" 298
"../../../Engine/Content/MobileResources/T_MobileControls_texture.uasset" 299
"../../../Engine/Content/MobileResources/T_MobileMenu2.uasset" 300
"../../../Engine/Content/MobileResources/HUD/AnalogHat.uasset" 301
"../../../Engine/Content/MobileResources/HUD/VirtualJoystick_Thumb.uasset" 302
"../../../Engine/Content/MobileResources/HUD/VirtualJoystick_Background.uasset" 303
"../../../Engine/Content/MobileResources/HUD/DefaultVirtualJoysticks.uasset" 304
"../../../Engine/Content/MobileResources/HUD/LeftVirtualJoystickOnly.uasset" 305
"../../../Engine/Content/MobileResources/HUD/MobileHUDButton1_off.uasset" 306
"../../../Engine/Content/MobileResources/HUD/MobileHUDButton1_on.uasset" 307
"../../../Engine/Content/MobileResources/HUD/MobileHUDButton2_off.uasset" 308
"../../../Engine/Content/MobileResources/HUD/MobileHUDButton2_on.uasset" 309
"../../../Engine/Content/MobileResources/HUD/MobileHUDButton3.uasset" 310
"../../../Engine/Content/MobileResources/HUD/MobileHUDButtonFire.uasset" 311
"../../../Engine/Content/MobileResources/HUD/MobileHUDDirectionPad.uasset" 312
"../../../Engine/Content/MobileResources/HUD/MobileHUDDirectionPad2.uasset" 313
"../../../Engine/Content/MobileResources/HUD/MobileHUDDirectionPad3.uasset" 314
"../../../Engine/Content/MobileResources/HUD/MobileHUDDirectionStick.uasset" 315
"../../../Engine/Content/MobileResources/HUD/T_Castle_ThumbstickInner.uasset" 316
"../../../Engine/Content/MobileResources/HUD/T_Castle_ThumbstickOutter.uasset" 317
"../../../Engine/Content/Tutorial/ContentIntroCurve.uasset" 318
"../../../Engine/Content/Tutorial/Basics/LevelEditorAttract.uasset" 319
"../../../Engine/Content/Tutorial/Basics/TutorialAssets/icon_tab_Levels_40x.uasset" 320
"../../../Engine/Content/Tutorial/Basics/LevelEditorOverview.uasset" 321
"../../../Engine/Content/Tutorial/BlueprintTutorials/TutorialAssets/Blueprint_64x.uasset" 322
"../../../Engine/Content/Tutorial/BlueprintTutorials/BlueprintEditorTutorial.uasset" 323
"../../../Engine/Content/VREditor/TransformGizmo/TranslucentTransformGizmoMaterial.uasset" 324
"../../../Engine/Content/VREditor/LaserPointer/VR_LaserPower_01.uasset" 325
"../../../Engine/Content/VREditor/TransformGizmo/TransformGizmoMaterial.uasset" 326
"../../../Engine/Content/VREditor/TransformGizmo/BoundingBoxCorner.uasset" 327
"../../../Engine/Content/VREditor/TransformGizmo/BoundingBoxEdge.uasset" 328
"../../../Engine/Content/VREditor/TransformGizmo/PlaneTranslationHandle.uasset" 329
"../../../Engine/Content/VREditor/TransformGizmo/Xray.uasset" 330
"../../../Engine/Content/VREditor/TransformGizmo/Main.uasset" 331
"../../../Engine/Content/VREditor/TransformGizmo/SM_Sequencer_Key.uasset" 332
"../../../Engine/Content/VREditor/TransformGizmo/SM_Sequencer_Node.uasset" 333
"../../../../../Users/dev_console/Projects_GP2/ThisIsMyDungeon/ThisIsMyDungeon/Content/AI/NPC_Blackboard.uasset" 334
"../../../../../Users/dev_console/Projects_GP2/ThisIsMyDungeon/ThisIsMyDungeon/Content/AI/NPC_BehaviorTree.uasset" 335
"../../../../../Users/dev_console/Projects_GP2/ThisIsMyDungeon/ThisIsMyDungeon/Content/Textures/T_Grid.uasset" 336
"../../../../../Users/dev_console/Projects_GP2/ThisIsMyDungeon/ThisIsMyDungeon/Content/Materials/M_TrapsPreview.uasset" 337
"../../../../../Users/dev_console/Projects_GP2/ThisIsMyDungeon/ThisIsMyDungeon/Content/Blueprints/Traps/TrapPreviewBP.uasset" 338
"../../../../../Users/dev_console/Projects_GP2/ThisIsMyDungeon/ThisIsMyDungeon/Content/StarterContent/Textures/T_Door_N.uasset" 339
"../../../../../Users/dev_console/Projects_GP2/ThisIsMyDungeon/ThisIsMyDungeon/Content/StarterContent/Textures/T_Door_M.uasset" 340
"../../../../../Users/dev_console/Projects_GP2/ThisIsMyDungeon/ThisIsMyDungeon/Content/StarterContent/Props/Materials/M_Door.uasset" 341
"../../../../../Users/dev_console/Projects_GP2/ThisIsMyDungeon/ThisIsMyDungeon/Content/Geometry/Meshes/CubeMaterial.uasset" 342
"../../../../../Users/dev_console/Projects_GP2/ThisIsMyDungeon/ThisIsMyDungeon/Content/Geometry/Meshes/1M_Cube.uasset" 343
"../../../../../Users/dev_console/Projects_GP2/ThisIsMyDungeon/ThisIsMyDungeon/Content/Blueprints/Traps/SawBP.uasset" 344
"../../../../../Users/dev_console/Projects_GP2/ThisIsMyDungeon/ThisIsMyDungeon/Content/StarterContent/Materials/M_Basic_Wall.uasset" 345
"../../../../../Users/dev_console/Projects_GP2/ThisIsMyDungeon/ThisIsMyDungeon/Content/StarterContent/Shapes/Shape_Sphere.uasset" 346
"../../Plugins/FX/Niagara/Content/Enums/ENiagaraSphereDistributionMode.uasset" 347
"../../Plugins/FX/Niagara/Content/Enums/ENiagaraMassByVolume.uasset" 348
"../../Plugins/FX/Niagara/Content/Enums/ENiagaraExpansionMode.uasset" 349
"../../Plugins/FX/Niagara/Content/Modules/Update/Mass/CalculateSizeAndRotationalInertiaByMass.uasset" 350
"../../Plugins/FX/Niagara/Content/Modules/Update/Forces/Drag.uasset" 351
"../../Plugins/FX/Niagara/Content/Enums/ENiagaraRandomnessMode.uasset" 352
"../../Plugins/FX/Niagara/Content/Functions/GetRandomInfo.uasset" 353
"../../Plugins/FX/Niagara/Content/Functions/RandomRangeFloat.uasset" 354
"../../Plugins/FX/Niagara/Content/Functions/RandomUnitVector.uasset" 355
"../../Plugins/FX/Niagara/Content/Functions/RandomVector.uasset" 356
"../../Plugins/FX/Niagara/Content/Functions/DirectionAndLengthSafe.uasset" 357
"../../Plugins/FX/Niagara/Content/Functions/NormalizeDistanceRange.uasset" 358
"../../Plugins/FX/Niagara/Content/Functions/DistanceBasedFalloff.uasset" 359
"../../Plugins/FX/Niagara/Content/Enums/ENiagaraCoordinateSpace.uasset" 360
"../../Plugins/FX/Niagara/Content/Functions/Localspace/TransformBase.uasset" 361
"../../Plugins/FX/Niagara/Content/Functions/Localspace/TransformVector.uasset" 362
"../../Plugins/FX/Niagara/Content/Functions/Localspace/SimulationPosition.uasset" 363
"../../Plugins/FX/Niagara/Content/Modules/Spawn/Velocity/AddVelocityFromPoint.uasset" 364
"../../Plugins/FX/Niagara/Content/Enums/ENiagaraRandomnessEvaluation.uasset" 365
"../../Plugins/FX/Niagara/Content/Functions/V2/CalculateRandomRange.uasset" 366
"../../Plugins/FX/Niagara/Content/Functions/V2/CalculateRandomPointInSphere.uasset" 367
"../../Plugins/FX/Niagara/Content/Functions/SphericalToCartesianCoordinates.uasset" 368
"../../Plugins/FX/Niagara/Content/Functions/Rotation/MultiplyVectorWithQuaternion.uasset" 369
"../../Plugins/FX/Niagara/Content/Functions/Rotation/FindQuatBetween.uasset" 370
"../../Plugins/FX/Niagara/Content/Modules/Spawn/Location/V2/SphereLocation.uasset" 371
"../../Plugins/FX/Niagara/Content/Functions/V2/CalculateRandomRangeFloat.uasset" 372
"../../Plugins/FX/Niagara/Content/Modules/Emitter/SpawnBurst_Instantaneous.uasset" 373
"../../Plugins/FX/Niagara/Content/Modules/Update/Forces/VectorNoiseForce.uasset" 374
"../../Plugins/FX/Niagara/Content/DynamicInputs/Helpers/SimulationPosition.uasset" 375
"../../../../../Users/dev_console/Projects_GP2/ThisIsMyDungeon/ThisIsMyDungeon/Content/Textures/SmokeMask.uasset" 376
"../../../../../Users/dev_console/Projects_GP2/ThisIsMyDungeon/ThisIsMyDungeon/Content/Textures/T_Fire_Distortion.uasset" 377
"../../../../../Users/dev_console/Projects_GP2/ThisIsMyDungeon/ThisIsMyDungeon/Content/Materials/M_Smoke.uasset" 378
"../../Plugins/FX/Niagara/Content/Enums/ENiagaraSystemInactiveMode.uasset" 379
"../../Plugins/FX/Niagara/Content/Enums/ENiagaraInactiveMode.uasset" 380
"../../Plugins/FX/Niagara/Content/Enums/ENiagaraEmitterScalabilityMode_Limited.uasset" 381
"../../Plugins/FX/Niagara/Content/Enums/ENiagaraEmitterLifeCycleMode.uasset" 382
"../../Plugins/FX/Niagara/Content/Enums/ENiagaraChannelCorrelation.uasset" 383
"../../Plugins/FX/Niagara/Content/Enums/ENiagara_UVFlippingMode.uasset" 384
"../../Plugins/FX/Niagara/Content/Enums/ENiagara_SpriteRotationMode.uasset" 385
"../../Plugins/FX/Niagara/Content/Enums/ENiagara_SizeScaleMode.uasset" 386
"../../Plugins/FX/Niagara/Content/Enums/ENiagara_PositionInitializationMode.uasset" 387
"../../Plugins/FX/Niagara/Content/Enums/ENiagara_MassInitializationMode.uasset" 388
"../../Plugins/FX/Niagara/Content/Enums/ENiagara_LifetimeMode.uasset" 389
"../../Plugins/FX/Niagara/Content/Enums/ENiagara_InfiniteLoopDuration.uasset" 390
"../../Plugins/FX/Niagara/Content/Enums/ENiagara_EmitterStateOptions.uasset" 391
"../../Plugins/FX/Niagara/Content/Enums/ENiagara_ColorInitializationMode.uasset" 392
"../../Plugins/FX/Niagara/Content/Modules/Update/Material/DynamicMaterialParameters.uasset" 393
"../../Plugins/FX/Niagara/Content/Modules/Update/Lifetime/ParticleState.uasset" 394
"../../Plugins/FX/Niagara/Content/Modules/Update/Forces/GravityForce.uasset" 395
"../../Plugins/FX/Niagara/Content/Modules/Update/Color/Color.uasset" 396
"../../Plugins/FX/Niagara/Content/Functions/System/SystemChangeState.uasset" 397
"../../Plugins/FX/Niagara/Content/Modules/System/SystemState.uasset" 398
"../../Plugins/FX/Niagara/Content/Functions/V2/CalculateRandomRangeInteger.uasset" 399
"../../Plugins/FX/Niagara/Content/Functions/V2/CalculateRandomBool.uasset" 400
"../../Plugins/FX/Niagara/Content/Functions/LinearColor/HueShiftLinearColor.uasset" 401
"../../Plugins/FX/Niagara/Content/Modules/Spawn/Initialization/V2/InitializeParticle.uasset" 402
"../../Plugins/FX/Niagara/Content/Modules/Solvers/SolveForcesAndVelocity.uasset" 403
"../../Plugins/FX/Niagara/Content/Functions/Emitter/EmitterChangeState.uasset" 404
"../../Plugins/FX/Niagara/Content/Enums/ENiagaraExecutionStateManagement.uasset" 405
"../../Plugins/FX/Niagara/Content/Modules/Emitter/EmitterState.uasset" 406
"../../Plugins/FX/Niagara/Content/DynamicInputs/ValueFromCurve/FloatFromCurve.uasset" 407
"../../Plugins/FX/Niagara/Content/DynamicInputs/ValueFromCurve/ColorFromCurve.uasset" 408
"../../Plugins/FX/Niagara/Content/DynamicInputs/UniformRange/V2/RandomRangeInt.uasset" 409
"../../Plugins/FX/Niagara/Content/DynamicInputs/UniformRange/V2/RandomRangeFloat.uasset" 410
"../../Plugins/FX/Niagara/Content/DynamicInputs/TypeConversions/VectorFromFloat.uasset" 411
"../../Plugins/FX/Niagara/Content/DynamicInputs/TypeConversions/Vector2DFromFloat.uasset" 412
"../../Plugins/FX/Niagara/Content/DynamicInputs/TypeConversions/MakeFloatFromInt.uasset" 413
"../../Plugins/FX/Niagara/Content/Modules/Update/Size/ScaleSpriteSize.uasset" 414
"../../Plugins/FX/Niagara/Content/DynamicInputs/Multiply/Multiply_Float.uasset" 415
"../../../../../Users/dev_console/Projects_GP2/ThisIsMyDungeon/ThisIsMyDungeon/Content/Textures/T_Fire.uasset" 416
"../../../../../Users/dev_console/Projects_GP2/ThisIsMyDungeon/ThisIsMyDungeon/Content/Materials/M_Fire.uasset" 417
"../../../../../Users/dev_console/Projects_GP2/ThisIsMyDungeon/ThisIsMyDungeon/Content/Effects/P_ManaExplosion.uasset" 418
"../../../../../Users/dev_console/Projects_GP2/ThisIsMyDungeon/ThisIsMyDungeon/Content/Materials/M_Emissive.uasset" 419
"../../../../../Users/dev_console/Projects_GP2/ThisIsMyDungeon/ThisIsMyDungeon/Content/Materials/MI_FireBall.uasset" 420
"../../../../../Users/dev_console/Projects_GP2/ThisIsMyDungeon/ThisIsMyDungeon/Content/Blueprints/FireballBP.uasset" 421
"../../../../../Users/dev_console/Projects_GP2/ThisIsMyDungeon/ThisIsMyDungeon/Content/Mannequin/Character/Mesh/SK_Mannequin_PhysicsAsset.uasset" 422
"../../../../../Users/dev_console/Projects_GP2/ThisIsMyDungeon/ThisIsMyDungeon/Content/Mannequin/Character/Textures/T_UE4Logo_N.uasset" 423
"../../../../../Users/dev_console/Projects_GP2/ThisIsMyDungeon/ThisIsMyDungeon/Content/Mannequin/Character/Textures/T_UE4Logo_Mask.uasset" 424
"../../../../../Users/dev_console/Projects_GP2/ThisIsMyDungeon/ThisIsMyDungeon/Content/Mannequin/Character/Textures/T_Male_N.uasset" 425
"../../../../../Users/dev_console/Projects_GP2/ThisIsMyDungeon/ThisIsMyDungeon/Content/Mannequin/Character/Textures/T_Male_Mask.uasset" 426
"../../../../../Users/dev_console/Projects_GP2/ThisIsMyDungeon/ThisIsMyDungeon/Content/Mannequin/Character/Materials/MaterialLayers/T_ML_Rubber_Blue_01_N.uasset" 427
"../../../../../Users/dev_console/Projects_GP2/ThisIsMyDungeon/ThisIsMyDungeon/Content/Mannequin/Character/Materials/MaterialLayers/T_ML_Rubber_Blue_01_D.uasset" 428
"../../../../../Users/dev_console/Projects_GP2/ThisIsMyDungeon/ThisIsMyDungeon/Content/Mannequin/Character/Materials/MaterialLayers/T_ML_Aluminum01_N.uasset" 429
"../../../../../Users/dev_console/Projects_GP2/ThisIsMyDungeon/ThisIsMyDungeon/Content/Mannequin/Character/Materials/MaterialLayers/T_ML_Aluminum01.uasset" 430
"../../../../../Users/dev_console/Projects_GP2/ThisIsMyDungeon/ThisIsMyDungeon/Content/Mannequin/Character/Materials/MaterialLayers/ML_SoftMetal_UE4.uasset" 431
"../../../../../Users/dev_console/Projects_GP2/ThisIsMyDungeon/ThisIsMyDungeon/Content/Mannequin/Character/Materials/MaterialLayers/ML_Plastic_Shiny_Beige_LOGO.uasset" 432
"../../../../../Users/dev_console/Projects_GP2/ThisIsMyDungeon/ThisIsMyDungeon/Content/Mannequin/Character/Materials/MaterialLayers/ML_Plastic_Shiny_Beige.uasset" 433
"../../../../../Users/dev_console/Projects_GP2/ThisIsMyDungeon/ThisIsMyDungeon/Content/Mannequin/Character/Materials/MaterialLayers/ML_GlossyBlack_Latex_UE4.uasset" 434
"../../../Engine/Content/Functions/MaterialLayerFunctions/MatLayerBlend_Simple.uasset" 435
"../../../Engine/Content/Functions/Engine_MaterialFunctions02/Utility/BlendAngleCorrectedNormals.uasset" 436
"../../../Engine/Content/Functions/MaterialLayerFunctions/MatLayerBlend_NormalBlend.uasset" 437
"../../../../../Users/dev_console/Projects_GP2/ThisIsMyDungeon/ThisIsMyDungeon/Content/Mannequin/Character/Materials/M_Male_Body.uasset" 438
"../../../../../Users/dev_console/Projects_GP2/ThisIsMyDungeon/ThisIsMyDungeon/Content/Mannequin/Character/Materials/M_UE4Man_ChestLogo.uasset" 439
"../../../../../Users/dev_console/Projects_GP2/ThisIsMyDungeon/ThisIsMyDungeon/Content/Mannequin/Character/Mesh/UE4_Mannequin_Skeleton.uasset" 440
"../../../../../Users/dev_console/Projects_GP2/ThisIsMyDungeon/ThisIsMyDungeon/Content/Mannequin/Character/Mesh/SK_Mannequin.uasset" 441
"../../../../../Users/dev_console/Projects_GP2/ThisIsMyDungeon/ThisIsMyDungeon/Content/Mannequin/Animations/ThirdPersonWalk.uasset" 442
"../../../../../Users/dev_console/Projects_GP2/ThisIsMyDungeon/ThisIsMyDungeon/Content/Mannequin/Animations/ThirdPersonRun.uasset" 443
"../../../../../Users/dev_console/Projects_GP2/ThisIsMyDungeon/ThisIsMyDungeon/Content/Mannequin/Animations/ThirdPersonIdle.uasset" 444
"../../../../../Users/dev_console/Projects_GP2/ThisIsMyDungeon/ThisIsMyDungeon/Content/Mannequin/Animations/ThirdPerson_IdleRun_2D.uasset" 445
"../../../../../Users/dev_console/Projects_GP2/ThisIsMyDungeon/ThisIsMyDungeon/Content/Mannequin/Animations/ThirdPerson_Jump.uasset" 446
"../../../../../Users/dev_console/Projects_GP2/ThisIsMyDungeon/ThisIsMyDungeon/Content/Mannequin/Animations/ThirdPersonJump_Start.uasset" 447
"../../../../../Users/dev_console/Projects_GP2/ThisIsMyDungeon/ThisIsMyDungeon/Content/Mannequin/Animations/ThirdPersonJump_Loop.uasset" 448
"../../../Engine/Content/EditorBlueprintResources/StandardMacros.uasset" 449
"../../../../../Users/dev_console/Projects_GP2/ThisIsMyDungeon/ThisIsMyDungeon/Content/Mannequin/Animations/ThirdPerson_AnimBP.uasset" 450
"../../../../../Users/dev_console/Projects_GP2/ThisIsMyDungeon/ThisIsMyDungeon/Content/StarterContent/Textures/T_Water_M.uasset" 451
"../../../../../Users/dev_console/Projects_GP2/ThisIsMyDungeon/ThisIsMyDungeon/Content/StarterContent/Textures/T_Water_N.uasset" 452
"../../../../../Users/dev_console/Projects_GP2/ThisIsMyDungeon/ThisIsMyDungeon/Content/StarterContent/Textures/T_Perlin_Noise_M.uasset" 453
"../../../../../Users/dev_console/Projects_GP2/ThisIsMyDungeon/ThisIsMyDungeon/Content/StarterContent/Materials/M_Water_Ocean.uasset" 454
"../../../../../Users/dev_console/Projects_GP2/ThisIsMyDungeon/ThisIsMyDungeon/Content/Blueprints/Traps/TarBP.uasset" 455
"../../../../../Users/dev_console/Projects_GP2/ThisIsMyDungeon/ThisIsMyDungeon/Content/Blueprints/Traps/BlockingTrapBP.uasset" 456
"../../../../../Users/dev_console/Projects_GP2/ThisIsMyDungeon/ThisIsMyDungeon/Content/Blueprints/Player/BP_PlayableCharacter.uasset" 457
"../../Plugins/2D/Paper2D/Content/PlaceholderTextures/DummySpriteTexture.uasset" 458
"../../Plugins/2D/Paper2D/Content/DummySprite.uasset" 459
"../../Plugins/2D/Paper2D/Content/DefaultPaperTerrainMaterial.uasset" 460
"../../Plugins/2D/Paper2D/Content/DefaultSpriteMaterial.uasset" 461
"../../Plugins/2D/Paper2D/Content/MaskedUnlitSpriteMaterial.uasset" 462
"../../Plugins/2D/Paper2D/Content/OpaqueUnlitSpriteMaterial.uasset" 463
"../../Plugins/Editor/SpeedTreeImporter/Content/SpeedTree9/UnpackInteger3.uasset" 464
"../../Plugins/Editor/SpeedTreeImporter/Content/SpeedTree9/UnpackDirection.uasset" 465
"../../Plugins/Editor/SpeedTreeImporter/Content/SpeedTree9/game_wind_noise.uasset" 466
"../../../Engine/Content/Functions/Engine_MaterialFunctions02/SafeNormalize.uasset" 467
"../../Plugins/Editor/SpeedTreeImporter/Content/SpeedTree9/SpeedTreeWindMotion.uasset" 468
"../../Plugins/Editor/SpeedTreeImporter/Content/SpeedTree9/SpeedTreeBranchMotion.uasset" 469
"../../../Engine/Content/Functions/Engine_MaterialFunctions02/ObjectLocalBounds.uasset" 470
"../../../Engine/Content/Functions/Engine_MaterialFunctions02/UVs/BoundingBoxBased_0-1_UVW.uasset" 471
"../../Plugins/Editor/SpeedTreeImporter/Content/SpeedTree9/SpeedTreeWind.uasset" 472
"../../Plugins/Editor/SpeedTreeImporter/Content/SpeedTree9/SpeedTreeBillboard.uasset" 473
"../../../Engine/Content/EngineResources/DefaultTexture.uasset" 474
"../../Plugins/Editor/SpeedTreeImporter/Content/SpeedTree9/SpeedTreeBillboardMaster.uasset" 475
"../../Plugins/Editor/SpeedTreeImporter/Content/SpeedTree9/SpeedTreeCameraFacing.uasset" 476
"../../Plugins/Editor/SpeedTreeImporter/Content/SpeedTree9/SpeedTreeMaster.uasset" 477
"../../../Engine/Content/BasicShapes/Cylinder.uasset" 478
"../../../Engine/Content/ArtTools/RenderToTexture/Materials/Debug/M_Emissive_Color.uasset" 479
"../../Plugins/Lumin/MagicLeapPassableWorld/Content/MagicLeapARPinInfoActor.uasset" 480
"../../Plugins/FX/Niagara/Content/Enums/ENiagaraOrientationAxis.uasset" 481
"../../Plugins/FX/Niagara/Content/Icons/S_ParticleSystem.uasset" 482
"../../../Engine/Content/Functions/Engine_MaterialFunctions02/Utility/BreakOutFloat4Components.uasset" 483
"../../Plugins/Runtime/Oculus/OculusVR/Content/Materials/OculusMR_ChromaKey.uasset" 484
"../../Plugins/Runtime/Oculus/OculusVR/Content/Materials/OculusMR_OpaqueColoredMaterial.uasset" 485
"../../Plugins/Runtime/Oculus/OculusVR/Content/Materials/PokeAHoleMaterial.uasset" 486
"../../../Engine/Content/Maps/Entry_BuiltData.uasset" 487
"../../../Engine/Content/Maps/Entry.umap" 488
"../../../../../Users/dev_console/Projects_GP2/ThisIsMyDungeon/ThisIsMyDungeon/Content/Blueprints/BP_NPCPawn.uasset" 489
"../../../Engine/Content/EngineSky/T_Sky_Stars.uasset" 490
"../../../Engine/Content/EngineSky/T_Sky_Clouds_M.uasset" 491
"../../../Engine/Content/EngineSky/T_Sky_Blue.uasset" 492
"../../../Engine/Content/EngineSky/M_Sky_Panning_Clouds2.uasset" 493
"../../../Engine/Content/EngineSky/SM_SkySphere.uasset" 494
"../../../Engine/Content/EngineSky/C_Sky_Zenith_Color.uasset" 495
"../../../Engine/Content/EngineSky/C_Sky_Horizon_Color.uasset" 496
"../../../Engine/Content/EngineSky/C_Sky_Cloud_Color.uasset" 497
"../../../Engine/Content/EngineSky/BP_Sky_Sphere.uasset" 498
"../../../Engine/Content/BasicShapes/Cube.uasset" 499
"../../../Engine/Content/BasicShapes/BasicShapeMaterial.uasset" 500
"../../../../../Users/dev_console/Projects_GP2/ThisIsMyDungeon/ThisIsMyDungeon/Content/Levels/N_Sandbox.umap" 501
